============================= test session starts ==============================
platform linux -- Python 3.12.5, pytest-8.4.0, pluggy-1.6.0
rootdir: /home/chase/Projects/dir-assistant
plugins: cov-6.2.1, anyio-4.9.0, asyncio-1.1.0, django-4.11.1
asyncio: mode=Mode.STRICT, asyncio_default_fixture_loop_scope=None, asyncio_default_test_loop_scope=function
collected 6 items

test/test_artifact_cutoff.py ..
test/test_git_assistant.py Apply these changes? (Y/N): 
.Apply these changes? (Y/N): 
.
test/test_smoketest_interactive.py dir-assistant 1.7.0
Released under MIT License
https://github.com/curvedinf/dir-assistant

[90mLoading embedding model...
[0m[90mCreating file embeddings and index...
[0mUsing cached embeddings for /home/chase/Projects/dir-assistant/smoketest.sh
Using cached embeddings for /home/chase/Projects/dir-assistant/CONTRIBUTORS.md
Using cached embeddings for /home/chase/Projects/dir-assistant/setup.py
Using cached embeddings for /home/chase/Projects/dir-assistant/format-code.sh
Using cached embeddings for /home/chase/Projects/dir-assistant/publish-test.sh
Using cached embeddings for /home/chase/Projects/dir-assistant/install-local.sh
Using cached embeddings for /home/chase/Projects/dir-assistant/LICENSE
Creating embeddings for /home/chase/Projects/dir-assistant/test_output.txt
Using cached embeddings for /home/chase/Projects/dir-assistant/README.md
Using cached embeddings for /home/chase/Projects/dir-assistant/publish.sh
Using cached embeddings for /home/chase/Projects/dir-assistant/docs/configuration.md
Using cached embeddings for /home/chase/Projects/dir-assistant/docs/project_info.md
Using cached embeddings for /home/chase/Projects/dir-assistant/docs/usage.md
Using cached embeddings for /home/chase/Projects/dir-assistant/docs/install.md
Using cached embeddings for /home/chase/Projects/dir-assistant/dir_assistant/__main__.py
Using cached embeddings for /home/chase/Projects/dir-assistant/dir_assistant/__init__.py
Using cached embeddings for /home/chase/Projects/dir-assistant/dir_assistant/main.py
Using cached embeddings for /home/chase/Projects/dir-assistant/dir_assistant/cli/models.py
Using cached embeddings for /home/chase/Projects/dir-assistant/dir_assistant/cli/start.py
Using cached embeddings for /home/chase/Projects/dir-assistant/dir_assistant/cli/__init__.py
Using cached embeddings for /home/chase/Projects/dir-assistant/dir_assistant/cli/platform_setup.py
Using cached embeddings for /home/chase/Projects/dir-assistant/dir_assistant/cli/setkey.py
Using cached embeddings for /home/chase/Projects/dir-assistant/dir_assistant/cli/config.py
Using cached embeddings for /home/chase/Projects/dir-assistant/dir_assistant/assistant/base_assistant.py
Using cached embeddings for /home/chase/Projects/dir-assistant/dir_assistant/assistant/cgrag_assistant.py
Using cached embeddings for /home/chase/Projects/dir-assistant/dir_assistant/assistant/lite_llm_assistant.py
Using cached embeddings for /home/chase/Projects/dir-assistant/dir_assistant/assistant/file_watcher.py
Using cached embeddings for /home/chase/Projects/dir-assistant/dir_assistant/assistant/git_assistant.py
Using cached embeddings for /home/chase/Projects/dir-assistant/dir_assistant/assistant/rag_optimizer.py
Using cached embeddings for /home/chase/Projects/dir-assistant/dir_assistant/assistant/llama_cpp_embed.py
Using cached embeddings for /home/chase/Projects/dir-assistant/dir_assistant/assistant/index.py
Using cached embeddings for /home/chase/Projects/dir-assistant/dir_assistant/assistant/__init__.py
Using cached embeddings for /home/chase/Projects/dir-assistant/dir_assistant/assistant/base_embed.py
Using cached embeddings for /home/chase/Projects/dir-assistant/dir_assistant/assistant/lite_llm_embed.py
Using cached embeddings for /home/chase/Projects/dir-assistant/dir_assistant/assistant/cache_manager.py
Using cached embeddings for /home/chase/Projects/dir-assistant/dir_assistant/assistant/llama_cpp_assistant.py
Using cached embeddings for /home/chase/Projects/dir-assistant/test/test_git_assistant.py
Using cached embeddings for /home/chase/Projects/dir-assistant/test/test_artifact_cutoff.py
Using cached embeddings for /home/chase/Projects/dir-assistant/test/test_smoketest_noninteractive.py
Using cached embeddings for /home/chase/Projects/dir-assistant/test/utils.py
Using cached embeddings for /home/chase/Projects/dir-assistant/test/__init__.py
Using cached embeddings for /home/chase/Projects/dir-assistant/test/test_smoketest_interactive.py
Using cached embeddings for /home/chase/Projects/dir-assistant/examples/reddit-stock-sentiment.sh
Creating index from embeddings...
[90mLoading remote LLM model...
[0m[90mLiteLLM completion options: {'model': 'openrouter/openrouter/sonoma-sky-alpha', 'timeout': 600}[0m
[90mLiteLLM context size: 10000[0m
[90mLiteLLM CGRAG completion options: {'model': 'openrouter/openrouter/sonoma-dusk-alpha', 'timeout': 600}[0m
[90mLiteLLM CGRAG context size: 70000[0m
[1m[32m
  _____ _____ _____                                              
 |  __ \_   _|  __ \
 | |  | || | | |__) |
 | |  | || | |  _  /
 | |__| || |_| | \ \
 |_____/_____|_|_ \_\__ _____  _____ _______       _   _ _______ 
     /\    / ____/ ____|_   _|/ ____|__   __|/\   | \ | |__   __|
    /  \  | (___| (___   | | | (___    | |  /  \  |  \| |  | |   
   / /\ \  \___ \\___ \  | |  \___ \   | | / /\ \ | . ` |  | |   
  / ____ \ ____) |___) |_| |_ ____) |  | |/ ____ \| |\  |  | |   
 /_/    \_\_____/_____/|_____|_____/   |_/_/    \_\_| \_|  |_|   
[0m
[1m[34mType 'exit' to quit the conversation.
[1m[34mType 'undo' to roll back the last commit.

[1m[31mYou (Press ALT-Enter, OPT-Enter, or CTRL-O to submit): 

[0m[?12l[?25h[6n[?2004h[?1l[?25l[0m[?7l[0m[J[0m [?7h[0m[?12l[?25h[?25l[?7l[0mDescribe the purpose of this codebase.[0m

[0m [0m

[0mThen say roughly how many lines of code it has.[47D[47C[?7h[0m[?12l[?25h[?25l[?7l[2A[47D[0m[J[0mDescribe the purpose of this codebase.[0m

[0m [0m

[0mThen say roughly how many lines of code it has.[47D[0m

[J[?7h[0m[?12l[?25h[?2004l
[1m[33mFile changes detected. Index has been updated.[0m
[1m[31mYou (Press ALT-Enter, OPT-Enter, or CTRL-O to submit): 

[0m.
test/test_smoketest_noninteractive.py ### What Does This Codebase Do?

Based on the provided code snippets from the `dir-assistant` project (located at `/home/chase/Projects/dir-assistant/dir_assistant/`), I'll summarize what the codebase does. This analysis is derived directly from the structure, imports, classes, and logic in the files you shared (`main.py`, `base_assistant.py`, and `cgrag_assistant.py`). I'll keep it concise, structured, and tied to the code evidence, while suggesting potential improvements or next steps if you're iterating on this project.

#### High-Level Overview
**dir-assistant** is a **command-line interface (CLI) tool** designed to enable **conversational AI interactions with the contents of a local directory** (e.g., a codebase or project files). It uses **Retrieval-Augmented Generation (RAG)** powered by **Large Language Models (LLMs)**—either local (via models like those from Hugging Face/llama.cpp) or API-based (e.g., Gemini)—to answer questions about files in the current directory or specified paths.

- **Core Purpose**: Allows users to "chat" with their directory's files. For example, you can ask "What does this function do?" or "What does this codebase do?" and the tool retrieves relevant file chunks, embeds them, and feeds them into an LLM to generate informed responses.
- **Key Features**:
  - **File Indexing and Retrieval**: Recursively scans directories, chunks files, embeds them (e.g., using nomic-embed-text), and stores in a searchable index (likely FAISS for vector search).
  - **RAG Optimization**: Dynamically selects and optimizes relevant file chunks based on query similarity, historical usage, caching, and token limits to fit LLM context windows.
  - **Chat Mode**: Interactive streaming chat with the LLM, including thinking indicators, error handling, and history management.
  - **Local-First Focus**: Supports offline use with downloaded models (e.g., Phi-3.1-mini for LLM, nomic-embed for embeddings) and hardware acceleration (CPU, CUDA, ROCm, etc.).
  - **CLI Commands**: Easy setup, configuration, and model management.
- **Target Use Case**: Developers querying codebases (e.g., "Explain this module") without manual searching. It's like a local GitHub Copilot but directory-focused and privacy-respecting (no cloud uploads unless using APIs).
- **Tech Stack Alignment**: Fits your preferences—Python/Django-agnostic but CLI-heavy; could integrate with Postgres for advanced storage if extended. No front-end here, but the RAG logic could power a Django-Cotton UI.

The tool emphasizes **efficiency** (e.g., caching prefixes, culling history to avoid token overflow) and **customization** (e.g., ignoring files, verbose logging).

#### Breakdown by File
Here's how the provided files contribute to the functionality:

1. **`main.py` (CLI Entry Point, Lines 1-244)**:
   - **Role**: Parses arguments and dispatches to subcommands using `argparse`. It's the "front door" for users.
   - **Key Components**:
     - **Global Args**: `--ignore` (exclude files), `--dirs` (add directories), `--single-prompt` (one-shot query), `--verbose`, `--no-color`.
     - **Subcommands**:
       - `start`: Launches the chat assistant (default mode). Supports regular chat or single-prompt mode.
       - `platform`: Sets up hardware acceleration for local LLMs (e.g., `cuda` for NVIDIA, `rocm` for AMD). Installs `llama-cpp-python` via pip/pipx with platform-specific deps.
       - `config`: Manages `config.toml` (print, open in editor). Loads config early unless opening the file.
       - `models`: Handles model downloads (e.g., `download-embed` for nomic-embed-text-v1.5, `download-llm` for Phi-3.1-mini), listing, or opening the models dir.
       - `clear`: Clears the index cache (e.g., after upgrades).
       - `setkey`: Sets API keys (e.g., `GEMINI_API_KEY`).
     - **Execution Flow**: Loads config, prints version if verbose, then routes to handlers like `start(args, config_dict)`.
   - **Evidence of Purpose**: Description in parser: "Chat with your current directory's files using a local or API LLM." Imports from `assistant.index`, `cli.models`, etc., confirm RAG/LLM integration.

2. **`base_assistant.py` (Core RAG Logic, Lines 1-441)**:
   - **Role**: Defines `BaseAssistant`, the foundational class for embedding-aware LLM interactions. Handles file chunking, retrieval, optimization, and chat streaming.
   - **Key Components**:
     - **Initialization**:
       - Takes system instructions, embedding model (`embed`), FAISS index (`index`), chunks (file snippets with metadata like `filepath`/`text`).
       - Configs: Token limits (`context_size=8192`), ratios for context/files, cutoffs for relevancy, caching TTL, RAG weights, retries for output acceptance.
       - Sets up `CacheManager` for prefix caching (to reuse common query patterns) and prompt history.
     - **Retrieval & Optimization (`build_relevant_full_text`)**:
       - Computes `max_k` (nearest neighbors) based on context size.
       - Searches index for similar chunks using embeddings (via `search_index`).
       - Filters by relevancy cutoff, pre-culls candidates (token-limited pool ~3x target size).
       - Uses `RagOptimizer` to score/swap chunks based on history, frequency, recency, and cache hits (prefers cacheable artifacts).
       - Builds final context string (`relevant_full_text`) by concatenating optimized chunks, ensuring token limits.
       - Fallback: Adds more from original candidates if underfilled.
     - **Chat Handling**:
       - `stream_chat`: Initializes history with system prompt, appends user input + context, calls LLM (`call_completion`), streams output.
       - Manages history culling (pops old messages if over token limit).
       - Streaming: Handles generators (e.g., from OpenAI-like APIs), removes "thinking" patterns if hidden, colors output (green for assistant, yellow for debug).
       - Caching: Updates prefix hits and prompt history post-response for future optimization.
       - File Updates: `update_index_and_chunks` rebuilds index on file changes (e.g., during long chats).
     - **Helpers**: Token counting, colored output, error/debug logging, one-off completions (non-chat mode).
   - **Evidence of Purpose**: Focus on "inclusion of local files in the LLM context" via RAG. Methods like `run_stream_processes` build prompts with retrieved text, emphasizing artifact (chunk) optimization for efficiency.

3. **`cgrag_assistant.py` (Enhanced RAG Variant, Lines 1-136)**:
   - **Role**: Extends `BaseAssistant` with **CGRAG (Contextual Guidance RAG)**, a two-stage retrieval to improve relevance for complex queries.
   - **Key Components**:
     - **Initialization**: Adds `use_cgrag` (enable/disable) and `print_cgrag` (show guidance output).
     - **CGRAG Flow (`run_stream_processes`)**:
       - If enabled: Stage 1—Use looser cutoff (`artifact_cosine_cgrag_cutoff`) to get broad context, generate "guidance" via LLM: "What info is needed to answer this?" (e.g., lists concepts/classes/functions).
       - Stage 2—Combine original prompt + guidance into a "combined_query", re-retrieve with stricter cutoff (`artifact_cosine_cutoff`).
       - Falls back to standard RAG if disabled.
     - **UI Tweaks**: Custom thinking messages (e.g., "generating contextual guidance..."), optional printing of guidance (blue for CGRAG, green for final assistant response).
     - **Prompting**: `create_cgrag_prompt` crafts a meta-prompt to extract "needed information" (keeps ~20 items, focuses on code entities).
   - **Evidence of Purpose**: Builds on base RAG for better accuracy—e.g., for "What does this codebase do?", it first identifies key concepts (e.g., "CLI parsing", "RAG optimization"), then retrieves precisely.

#### Strengths and Potential Improvements
- **Strengths**:
  - **Modular**: Easy to extend (e.g., add more assistants like `cgrag_assistant`).
  - **Efficient RAG**: Pre-culling + optimization avoids LLM hallucinations from irrelevant context; caching reduces recomputation.
  - **User-Friendly CLI**: Handles setup pains (models, platforms, keys) out-of-the-box.
  - **Offline-Capable**: Local models + FAISS index work without internet.

- **Suggestions** (Aligned to Your Stack):
  - **Error Handling**: In `base_assistant.py`, add try-except around `index.add/remove` for FAISS failures (e.g., invalid embeddings). Use logging instead of `sys.stdout.write` for verbose mode.
  - **Config Expansion**: In `main.py`, add a `--model` arg to switch LLMs dynamically (integrate with `config.toml`).
  - **Front-End Integration**: If adding a web UI, wrap `BaseAssistant` in a Django view using Cotton components. E.g., `<c-chat-interface>` with `{{ slot }}` for user input and `{{ attrs }}` for streaming output.
  - **Mobile/Flutter**: For a companion app, expose the RAG index via a REST API (Django + Postgres for chunk storage), then query from Flutter.
  - **Testing**: Add unit tests for `build_relevant_full_text` (mock embeddings/index). Use 4-space indents consistently (already good).
  - **Bugs?**: In `base_assistant.py` line ~200, `self.last_optimized_artifacts = final_artifacts_in_context` overwrites the optimizer's output—ensure it's intentional. In CGRAG, `copy.deepcopy(self.chat_history)` could be expensive; consider shallow copy if no nested mutability.
  - **Enhancement**: Support image/code syntax highlighting in responses (e.g., via Pygments) for code queries.

If this summary matches what you expected, or if you want me to:
- Generate code (e.g., a new feature in `main.py`),
- Debug a specific part (e.g., token culling),
- Or extend to a full Django-Cotton UI,

just let me know! What's your next step with this project?

.

=============================== warnings summary ===============================
../../.pyenv/versions/deus-stulti/lib/python3.12/site-packages/faiss/loader.py:49
  /home/chase/.pyenv/versions/deus-stulti/lib/python3.12/site-packages/faiss/loader.py:49: DeprecationWarning: numpy.core._multiarray_umath is deprecated and has been renamed to numpy._core._multiarray_umath. The numpy._core namespace contains private NumPy internals and its use is discouraged, as NumPy internals can change without warning in any release. In practice, most real-world usage of numpy.core is to access functionality in the public NumPy API. If that is the case, use the public NumPy API. If not, you are using NumPy internals. If you would still like to access an internal attribute, use numpy._core._multiarray_umath.__cpu_features__.
    from numpy.core._multiarray_umath import __cpu_features__

<frozen importlib._bootstrap>:488
  <frozen importlib._bootstrap>:488: DeprecationWarning: builtin type SwigPyPacked has no __module__ attribute

<frozen importlib._bootstrap>:488
  <frozen importlib._bootstrap>:488: DeprecationWarning: builtin type SwigPyObject has no __module__ attribute

<frozen importlib._bootstrap>:488
  <frozen importlib._bootstrap>:488: DeprecationWarning: builtin type swigvarlink has no __module__ attribute

-- Docs: https://docs.pytest.org/en/stable/how-to/capture-warnings.html
======================== 6 passed, 4 warnings in 19.50s ========================
